<?xml version="1.0" encoding="UTF-8"?>
<!-- Generated by org.testng.reporters.JUnitReportReporter -->
<testsuite hostname="DESKTOP-A8PUSH6" failures="0" tests="2" name="Demo3456.Group123" time="93.815" errors="0" timestamp="2024-04-04T16:56:49 IST" skipped="0">
  <testcase classname="Demo3456.Group123" name="Souceopen" time="37.795"/>
  <system-out/>
  <testcase classname="Demo3456.Group123" name="loginopen" time="56.020"/>
  <system-out/>
</testsuite> <!-- Demo3456.Group123 -->
