<?xml version="1.0" encoding="UTF-8"?>
<!-- Generated by org.testng.reporters.JUnitReportReporter -->
<testsuite hostname="DESKTOP-A8PUSH6" failures="0" tests="2" name="Demo3456.Groupsadd12" time="0.007" errors="0" timestamp="2024-04-02T17:59:40 IST" skipped="0">
  <testcase classname="Demo3456.Groupsadd12" name="p1" time="0.003"/>
  <testcase classname="Demo3456.Groupsadd12" name="p3" time="0.004"/>
</testsuite> <!-- Demo3456.Groupsadd12 -->
