<?xml version="1.0" encoding="UTF-8"?>
<!-- Generated by org.testng.reporters.JUnitReportReporter -->
<testsuite hostname="DESKTOP-A8PUSH6" failures="0" tests="1" name="Demo3456.Optional123" time="0.023" errors="0" timestamp="2024-04-01T18:42:32 IST" skipped="0">
  <testcase classname="Demo3456.Optional123" name="java" time="0.023"/>
</testsuite> <!-- Demo3456.Optional123 -->
