<?xml version="1.0" encoding="UTF-8"?>
<!-- Generated by org.testng.reporters.JUnitReportReporter -->
<testsuite hostname="DESKTOP-A8PUSH6" failures="0" tests="1" name="Demo34.Singlearraydata" time="0.000" errors="0" timestamp="2024-04-04T17:13:37 IST" skipped="1">
  <testcase classname="Demo34.Singlearraydata" name="m1" time="0.000">
    <skipped/>
  </testcase> <!-- m1 -->
  <system-out/>
</testsuite> <!-- Demo34.Singlearraydata -->
