<?xml version="1.0" encoding="UTF-8"?>
<!-- Generated by org.testng.reporters.JUnitReportReporter -->
<testsuite hostname="DESKTOP-A8PUSH6" failures="0" tests="4" name="Demo34.Testng12" time="38.407" errors="0" timestamp="2024-03-19T13:53:57 IST" skipped="0">
  <testcase classname="Demo34.Testng12" name="m1" time="33.613"/>
  <testcase classname="Demo34.Testng12" name="m2" time="1.865"/>
  <testcase classname="Demo34.Testng12" name="m4" time="2.478"/>
  <testcase classname="Demo34.Testng12" name="m3" time="0.451"/>
</testsuite> <!-- Demo34.Testng12 -->
