<?xml version="1.0" encoding="UTF-8"?>
<!-- Generated by org.testng.reporters.JUnitReportReporter -->
<testsuite hostname="DESKTOP-A8PUSH6" failures="0" tests="1" name="Demo3456.Single111" time="0.000" errors="0" timestamp="2024-04-04T23:49:02 IST" skipped="1">
  <testcase classname="Demo3456.Single111" name="hello" time="0.000">
    <skipped/>
  </testcase> <!-- hello -->
  <system-out/>
</testsuite> <!-- Demo3456.Single111 -->
