<?xml version="1.0" encoding="UTF-8"?>
<!-- Generated by org.testng.reporters.JUnitReportReporter -->
<testsuite hostname="DESKTOP-A8PUSH6" failures="0" tests="3" name="Demo34.Testng124" time="0.012" errors="0" timestamp="2024-04-01T13:20:11 IST" skipped="0">
  <testcase classname="Demo34.Testng124" name="m4" time="0.004"/>
  <testcase classname="Demo34.Testng124" name="m3" time="0.004"/>
  <testcase classname="Demo34.Testng124" name="m2" time="0.004"/>
</testsuite> <!-- Demo34.Testng124 -->
