<?xml version="1.0" encoding="UTF-8"?>
<!-- Generated by org.testng.reporters.JUnitReportReporter -->
<testsuite hostname="DESKTOP-A8PUSH6" failures="0" tests="2" name="PraticeTest.Excelsingle" time="66.947" errors="0" timestamp="2024-04-07T00:50:38 IST" skipped="0">
  <testcase classname="PraticeTest.Excelsingle" name="a1" time="21.782"/>
  <system-out/>
  <testcase classname="PraticeTest.Excelsingle" name="a1" time="45.165"/>
  <system-out/>
</testsuite> <!-- PraticeTest.Excelsingle -->
