<?xml version="1.0" encoding="UTF-8"?>
<!-- Generated by org.testng.reporters.JUnitReportReporter -->
<testsuite hostname="DESKTOP-A8PUSH6" failures="0" tests="1" name="Demo3456.Lisners123" time="0.020" errors="0" timestamp="2024-04-02T01:18:09 IST" skipped="0">
  <testcase classname="Demo3456.Lisners123" name="Success" time="0.020"/>
</testsuite> <!-- Demo3456.Lisners123 -->
