<?xml version="1.0" encoding="UTF-8"?>
<!-- Generated by org.testng.reporters.JUnitReportReporter -->
<testsuite hostname="DESKTOP-A8PUSH6" failures="0" tests="3" name="Demo3456.Groupsadd1" time="0.027" errors="0" timestamp="2024-04-06T13:06:38 IST" skipped="0">
  <testcase classname="Demo3456.Groupsadd1" name="m1" time="0.022"/>
  <system-out/>
  <testcase classname="Demo3456.Groupsadd1" name="m2" time="0.003"/>
  <system-out/>
  <testcase classname="Demo3456.Groupsadd1" name="m3" time="0.002"/>
  <system-out/>
</testsuite> <!-- Demo3456.Groupsadd1 -->
