<?xml version="1.0" encoding="UTF-8"?>
<!-- Generated by org.testng.reporters.JUnitReportReporter -->
<testsuite hostname="DESKTOP-A8PUSH6" failures="0" tests="2" name="Demo3456.ExtentReport" time="0.056" errors="0" timestamp="2024-04-04T16:45:52 IST" skipped="0">
  <testcase classname="Demo3456.ExtentReport" name="Test1" time="0.054"/>
  <system-out/>
  <testcase classname="Demo3456.ExtentReport" name="Test2" time="0.002"/>
  <system-out/>
</testsuite> <!-- Demo3456.ExtentReport -->
