<?xml version="1.0" encoding="UTF-8"?>
<!-- Generated by org.testng.reporters.JUnitReportReporter -->
<testsuite hostname="DESKTOP-A8PUSH6" failures="0" tests="3" name="Demo34.Testng123" time="2.990" errors="0" timestamp="2024-04-06T12:32:28 IST" skipped="0">
  <testcase classname="Demo34.Testng123" name="m3" time="0.904"/>
  <system-out/>
  <testcase classname="Demo34.Testng123" name="m5" time="1.798"/>
  <system-out/>
  <testcase classname="Demo34.Testng123" name="m4" time="0.288"/>
  <system-out/>
</testsuite> <!-- Demo34.Testng123 -->
