<?xml version="1.0" encoding="UTF-8"?>
<!-- Generated by org.testng.reporters.JUnitReportReporter -->
<testsuite hostname="DESKTOP-A8PUSH6" failures="0" tests="1" name="PraticeTest.Extent123" time="0.057" errors="0" timestamp="2024-04-04T17:19:18 IST" skipped="0">
  <testcase classname="PraticeTest.Extent123" name="Test1" time="0.057"/>
  <system-out/>
</testsuite> <!-- PraticeTest.Extent123 -->
