<?xml version="1.0" encoding="UTF-8"?>
<!-- Generated by org.testng.reporters.JUnitReportReporter -->
<testsuite hostname="DESKTOP-A8PUSH6" failures="0" tests="1" name="Demo34.Parameter1234" time="0.004" errors="0" timestamp="2024-04-01T18:30:40 IST" skipped="0">
  <testcase classname="Demo34.Parameter1234" name="sel" time="0.004"/>
</testsuite> <!-- Demo34.Parameter1234 -->
