<?xml version="1.0" encoding="UTF-8"?>
<!-- Generated by org.testng.reporters.JUnitReportReporter -->
<testsuite hostname="DESKTOP-A8PUSH6" failures="0" tests="2" name="Demo34.Single1" time="60.578" errors="0" timestamp="2024-04-03T13:59:25 IST" skipped="0">
  <testcase classname="Demo34.Single1" name="m1" time="23.063"/>
  <testcase classname="Demo34.Single1" name="m1" time="37.515"/>
</testsuite> <!-- Demo34.Single1 -->
