<?xml version="1.0" encoding="UTF-8"?>
<!-- Generated by org.testng.reporters.JUnitReportReporter -->
<testsuite hostname="DESKTOP-A8PUSH6" failures="0" tests="2" name="Demo3456.DataProvider2d" time="0.024" errors="0" timestamp="2024-04-02T01:37:03 IST" skipped="0">
  <testcase classname="Demo3456.DataProvider2d" name="java" time="0.020"/>
  <testcase classname="Demo3456.DataProvider2d" name="java" time="0.004"/>
</testsuite> <!-- Demo3456.DataProvider2d -->
