<?xml version="1.0" encoding="UTF-8"?>
<!-- Generated by org.testng.reporters.JUnitReportReporter -->
<testsuite hostname="DESKTOP-A8PUSH6" failures="0" tests="3" name="Demo3456.DataProvider1" time="0.026" errors="0" timestamp="2024-04-02T01:28:33 IST" skipped="0">
  <testcase classname="Demo3456.DataProvider1" name="java" time="0.004"/>
  <testcase classname="Demo3456.DataProvider1" name="java" time="0.004"/>
  <testcase classname="Demo3456.DataProvider1" name="java" time="0.018"/>
</testsuite> <!-- Demo3456.DataProvider1 -->
