<?xml version="1.0" encoding="UTF-8"?>
<!-- Generated by org.testng.reporters.JUnitReportReporter -->
<testsuite hostname="DESKTOP-A8PUSH6" failures="0" tests="4" name="Demo34.Group12" time="0.063" errors="0" timestamp="2024-04-04T16:51:40 IST" skipped="0">
  <testcase classname="Demo34.Group12" name="java" time="0.009"/>
  <system-out/>
  <testcase classname="Demo34.Group12" name="python" time="0.008"/>
  <system-out/>
  <testcase classname="Demo34.Group12" name="automation" time="0.029"/>
  <system-out/>
  <testcase classname="Demo34.Group12" name="sel" time="0.017"/>
  <system-out/>
</testsuite> <!-- Demo34.Group12 -->
