<?xml version="1.0" encoding="UTF-8"?>
<!-- Generated by org.testng.reporters.JUnitReportReporter -->
<testsuite hostname="DESKTOP-A8PUSH6" failures="0" tests="2" name="Demo3456.Group12" time="24.273" errors="0" timestamp="2024-04-01T17:30:17 IST" skipped="0">
  <testcase classname="Demo3456.Group12" name="googleopen" time="13.330"/>
  <testcase classname="Demo3456.Group12" name="amazonopen" time="10.943"/>
</testsuite> <!-- Demo3456.Group12 -->
