<?xml version="1.0" encoding="UTF-8"?>
<!-- Generated by org.testng.reporters.JUnitReportReporter -->
<testsuite hostname="DESKTOP-A8PUSH6" failures="0" tests="3" name="Demo3456.Invocation12" time="58.661" errors="0" timestamp="2024-04-02T13:20:47 IST" skipped="0">
  <testcase classname="Demo3456.Invocation12" name="loginopen" time="23.669"/>
  <testcase classname="Demo3456.Invocation12" name="loginopen" time="14.569"/>
  <testcase classname="Demo3456.Invocation12" name="loginopen" time="20.423"/>
</testsuite> <!-- Demo3456.Invocation12 -->
